<?xml version="1.0" encoding="UTF-8"?>
<!-- Generated by org.testng.reporters.JUnitReportReporter -->
<testsuite hostname="APPLEs-MacBook-Pro.local" failures="0" tests="1" name="com.edubrite.qa.user.CurrencyConverter" time="112.166" errors="0" timestamp="2022-01-04T19:27:14 IST" skipped="0">
  <testcase classname="com.edubrite.qa.user.CurrencyConverter" name="initialize" time="112.166"/>
  <system-out/>
</testsuite> <!-- com.edubrite.qa.user.CurrencyConverter -->
