<?xml version="1.0" encoding="UTF-8"?>
<!-- Generated by org.testng.reporters.JUnitReportReporter -->
<testsuite hostname="APPLEs-MacBook-Pro.local" failures="0" tests="1" name="com.edubrite.qa.developerapi.InitializeConnection" time="3.034" errors="0" timestamp="2020-11-06T18:04:43 IST" skipped="0">
  <testcase classname="com.edubrite.qa.developerapi.InitializeConnection" name="fetchSessionInfo" time="3.034"/>
  <system-out/>
</testsuite> <!-- com.edubrite.qa.developerapi.InitializeConnection -->
